android/proguard/seeds.txt
blocks.game.AndroidLauncher
blocks.game.AndroidLauncher: AndroidLauncher()
blocks.game.Block$BlockType
blocks.game.Block$BlockType: blocks.game.Block$BlockType[] values()
blocks.game.Block$BlockType: blocks.game.Block$BlockType valueOf(java.lang.String)
blocks.game.BlockGrid$MoveDirection
blocks.game.BlockGrid$MoveDirection: blocks.game.BlockGrid$MoveDirection[] values()
blocks.game.BlockGrid$MoveDirection: blocks.game.BlockGrid$MoveDirection valueOf(java.lang.String)
...
com.swarmconnect.SwarmLeaderboardScore$1
com.swarmconnect.SwarmLeaderboardScore$1: com.swarmconnect.SwarmLeaderboardScore a
com.swarmconnect.SwarmLeaderboardScore$1: com.swarmconnect.SwarmLeaderboardScore$GotDataCB b
com.swarmconnect.SwarmLeaderboardScore$1: SwarmLeaderboardScore$1(com.swarmconnect.SwarmLeaderboardScore,com.swarmconnect.SwarmLeaderboardScore$GotDataCB)
com.swarmconnect.SwarmLeaderboardScore$1: void gotAPI(com.swarmconnect.APICall)
com.swarmconnect.SwarmLeaderboardScore$1: void requestFailed()
com.swarmconnect.SwarmLeaderboardScore$GotDataCB
com.swarmconnect.SwarmLeaderboardScore$GotDataCB: SwarmLeaderboardScore$GotDataCB()
com.swarmconnect.SwarmLeaderboardScore$GotDataCB: void gotData(java.lang.String)
com.swarmconnect.SwarmLoginManager
com.swarmconnect.SwarmLoginManager: int a
com.swarmconnect.SwarmLoginManager: java.util.LinkedHashSet b
com.swarmconnect.SwarmLoginManager: void <clinit>()
com.swarmconnect.SwarmLoginManager: SwarmLoginManager()
com.swarmconnect.SwarmLoginManager: void a()
com.swarmconnect.SwarmLoginManager: void b()
com.swarmconnect.SwarmLoginManager: void a(com.swarmconnect.SwarmActiveUser)
com.swarmconnect.SwarmLoginManager: void c()
com.swarmconnect.SwarmLoginManager: void addLoginListener(com.swarmconnect.delegates.SwarmLoginListener)
com.swarmconnect.SwarmLoginManager: void removeLoginListener(com.swarmconnect.delegates.SwarmLoginListener)
com.swarmconnect.SwarmMainActivity
com.swarmconnect.SwarmMainActivity: int c
com.swarmconnect.SwarmMainActivity: android.net.Uri d
com.swarmconnect.SwarmMainActivity: com.swarmconnect.ay e
com.swarmconnect.SwarmMainActivity: java.util.HashMap a
com.swarmconnect.SwarmMainActivity: java.util.HashMap b
com.swarmconnect.SwarmMainActivity: void <clinit>()
com.swarmconnect.SwarmMainActivity: SwarmMainActivity()
com.swarmconnect.SwarmMainActivity: void onCreate(android.os.Bundle)
com.swarmconnect.SwarmMainActivity: void onStart()
com.swarmconnect.SwarmMainActivity: void onResume()
com.swarmconnect.SwarmMainActivity: void refresh()
com.swarmconnect.SwarmMainActivity: void onPause()
com.swarmconnect.SwarmMainActivity: void onStop()
com.swarmconnect.SwarmMainActivity: void onDestroy()
com.swarmconnect.SwarmMainActivity: void show(int)
com.swarmconnect.SwarmMainActivity: void onActivityResult(int,int,android.content.Intent)
com.swarmconnect.SwarmMainActivity: boolean dispatchTouchEvent(android.view.MotionEvent)
com.swarmconnect.SwarmMainActivity: boolean onKeyDown(int,android.view.KeyEvent)
com.swarmconnect.SwarmMainActivity: void onConfigurationChanged(android.content.res.Configuration)
com.swarmconnect.SwarmMainActivity: void finish()
com.swarmconnect.SwarmMainActivity: void startActivity(android.content.Intent)
com.swarmconnect.SwarmMainActivity: com.swarmconnect.ay a(com.swarmconnect.SwarmMainActivity)
com.swarmconnect.SwarmMainActivity$1
com.swarmconnect.SwarmMainActivity$1: com.swarmconnect.SwarmMainActivity a
com.swarmconnect.SwarmMainActivity$1: SwarmMainActivity$1(com.swarmconnect.SwarmMainActivity)
com.swarmconnect.SwarmMainActivity$1: void run()
com.swarmconnect.SwarmMainActivity$a
com.swarmconnect.SwarmMainActivity$a: android.app.Activity b
com.swarmconnect.SwarmMainActivity$a: com.swarmconnect.SwarmMainActivity a
com.swarmconnect.SwarmMainActivity$a: SwarmMainActivity$a(com.swarmconnect.SwarmMainActivity,android.app.Activity)
com.swarmconnect.SwarmMainActivity$a: void overridePendingTransition(int,int)
com.swarmconnect.SwarmMessage
com.swarmconnect.SwarmMessage: int id
com.swarmconnect.SwarmMessage: com.swarmconnect.SwarmUser from
com.swarmconnect.SwarmMessage: java.lang.String message
com.swarmconnect.SwarmMessage: long timestamp
com.swarmconnect.SwarmMessage: SwarmMessage()
com.swarmconnect.SwarmMessage: java.util.Date getSentDate()
com.swarmconnect.SwarmMessage: void sendMessage(int,java.lang.String,com.swarmconnect.SwarmMessageThread$SentMessageCB)