android/proguard/mapping.txt
blocks.game.AndroidLauncher -> blocks.game.AndroidLauncher:
    blocks.ad.AdHandler m_AdHandler -> o
    blocks.ad.AndroidAdManager m_AdManager -> p
    26:61:void onCreate(android.os.Bundle) -> onCreate
    66:72:void onResume() -> onResume
    77:83:void onPause() -> onPause
blocks.game.Block -> blocks.game.Block:
    float m_sBlockViewSize -> a
    boolean m_IsPlaced -> b
    boolean m_IsFixed -> f
    blocks.game.Block$BlockType m_Type -> g
    int m_GridPosX -> h
    int m_GridPosY -> i
    int[] $SWITCH_TABLE$blocks$game$Block$BlockType -> j
    44:82:void ApplyTexture() -> t
    86:87:void SetGridPos(blocks.resource.Point) -> a
    97:97:blocks.resource.Point GetGridPos() -> a
    102:102:blocks.game.Block$BlockType GetType() -> b
    107:110:void SetFixed(boolean) -> a
    114:114:boolean IsFixed() -> c
    119:121:void SetType(blocks.game.Block$BlockType) -> a
    9:9:int[] $SWITCH_TABLE$blocks$game$Block$BlockType() -> u
blocks.game.Block$BlockType -> blocks.game.Block$BlockType:
    blocks.game.Block$BlockType Blue -> a
    blocks.game.Block$BlockType Green -> b
    blocks.game.Block$BlockType Red -> c
    blocks.game.Block$BlockType Orange -> d
    blocks.game.Block$BlockType[] ENUM$VALUES -> e
    1:1:blocks.game.Block$BlockType[] values() -> values
    1:1:blocks.game.Block$BlockType valueOf(java.lang.String) -> valueOf
blocks.game.BlockGrid -> blocks.game.BlockGrid:
    int m_NumRows -> a
    int m_NumCols -> b
    blocks.game.BlockMatrix m_Matrix -> c
    blocks.game.BlocksMatch m_Match -> d
    boolean m_MatchEnded -> e
    com.badlogic.gdx.math.Matrix4 m_FromGridToWorld -> f
    com.badlogic.gdx.math.Matrix4 m_FromWorldToGrid -> g
    com.badlogic.gdx.graphics.g2d.SpriteBatch m_SpriteBatch -> h
    com.badlogic.gdx.graphics.glutils.ShapeRenderer m_ShapeRenderer -> i
    blocks.resource.Point m_ViewSize -> j
    com.badlogic.gdx.math.Rectangle m_GridArea -> k
    blocks.game.Block m_FallingPiece -> l
    int m_EmptyPositions -> m
    float m_UpdateTime -> n
    blocks.ui.SwapLine m_SwapLine -> o
    blocks.resource.Point m_TouchMoveStartedPoint -> p
    blocks.resource.Point m_TouchMoveFinishedPoint -> q
    float m_MinTouchLength -> r
    float m_MaxTouchLength -> s
    77:107:void Init() -> a
    130:158:void Render() -> b
    162:163:void Dispose() -> c
    168:168:boolean IsGridPositionAvailable(blocks.resource.Point) -> a
    173:184:boolean InsertBlockInGrid(blocks.game.Block) -> a
    189:195:void RemoveBlockFromGrid(blocks.resource.Point) -> b
    199:214:boolean MoveBlockInGrid(blocks.game.Block,blocks.resource.Point) -> a
    253:260:com.badlogic.gdx.math.Vector3 FromGridToWorld(blocks.resource.Point) -> c
    276:297:void MoveDownPlacedBlocks() -> d
    303:322:void CreateNewFallingPiece() -> e
    346:385:void ProcessScoringConditions() -> f
blocks.game.BlockGrid$EliminationData -> blocks.game.a:
    int pos -> a
    int count -> b
    blocks.game.BlockGrid this$0 -> c
blocks.game.BlockMatrix -> blocks.game.b:
    blocks.game.Block[][] m_Blocks -> a
    20:28:void Render(com.badlogic.gdx.graphics.g2d.SpriteBatch) -> a
    32:32:blocks.game.Block GetAt(blocks.resource.Point) -> a
    37:40:blocks.game.Block GetAt(int,int) -> a
    45:46:void SetBlockAt(blocks.game.Block,blocks.resource.Point) -> a
    50:51:void ClearPosition(blocks.resource.Point) -> b
    55:58:void ClearAll() -> a
    62:67:void DisposeBlock(blocks.resource.Point) -> c
...
com.google.android.gms.gcm.GoogleCloudMessaging$1 -> com.google.android.gms.gcm.GoogleCloudMessaging$1:
    com.google.android.gms.gcm.GoogleCloudMessaging Nv -> a
    void handleMessage(android.os.Message) -> handleMessage
com.google.android.gms.identity.intents.Address -> com.google.android.gms.identity.intents.Address:
    com.google.android.gms.common.api.Api$c wx -> a
    com.google.android.gms.common.api.Api$b wy -> c
    com.google.android.gms.common.api.Api API -> b
com.google.android.gms.identity.intents.Address$1 -> com.google.android.gms.identity.intents.Address$1:
    int getPriority() -> a
com.google.android.gms.identity.intents.Address$2 -> com.google.android.gms.identity.intents.Address$2:
    com.google.android.gms.identity.intents.UserAddressRequest Nw -> a
    int Nx -> b
    void a(com.google.android.gms.common.api.Api$a) -> a
com.google.android.gms.identity.intents.Address$AddressOptions -> com.google.android.gms.identity.intents.Address$AddressOptions:
    int theme -> a
com.google.android.gms.identity.intents.Address$a -> com.google.android.gms.identity.intents.Address$a:
    com.google.android.gms.common.api.Result d(com.google.android.gms.common.api.Status) -> a
com.google.android.gms.identity.intents.AddressConstants -> com.google.android.gms.identity.intents.AddressConstants:
com.google.android.gms.identity.intents.AddressConstants$ErrorCodes -> com.google.android.gms.identity.intents.AddressConstants$ErrorCodes:
com.google.android.gms.identity.intents.AddressConstants$Extras -> com.google.android.gms.identity.intents.AddressConstants$Extras:
com.google.android.gms.identity.intents.AddressConstants$ResultCodes -> com.google.android.gms.identity.intents.AddressConstants$ResultCodes:
com.google.android.gms.identity.intents.AddressConstants$Themes -> com.google.android.gms.identity.intents.AddressConstants$Themes:
com.google.android.gms.identity.intents.UserAddressRequest -> com.google.android.gms.identity.intents.UserAddressRequest:
    android.os.Parcelable$Creator CREATOR -> CREATOR
    int xH -> b
    java.util.List Ny -> a
    int getVersionCode() -> a
    int describeContents() -> describeContents
    void writeToParcel(android.os.Parcel,int) -> writeToParcel
com.google.android.gms.identity.intents.UserAddressRequest$1 -> com.google.android.gms.identity.intents.UserAddressRequest$1:
com.google.android.gms.identity.intents.UserAddressRequest$Builder -> com.google.android.gms.identity.intents.UserAddressRequest$Builder:
com.google.android.gms.identity.intents.a -> com.google.android.gms.identity.intents.a:
    void a$3e0ceb4b(com.google.android.gms.identity.intents.UserAddressRequest,android.os.Parcel) -> a
    java.lang.Object[] newArray(int) -> newArray
    java.lang.Object createFromParcel(android.os.Parcel) -> createFromParcel
com.google.android.gms.identity.intents.model.CountrySpecification -> com.google.android.gms.identity.intents.model.CountrySpecification:
    android.os.Parcelable$Creator CREATOR -> CREATOR
    int xH -> b
    java.lang.String qd -> a
    int getVersionCode() -> a
    int describeContents() -> describeContents
    void writeToParcel(android.os.Parcel,int) -> writeToParcel