android/proguard/usage.txt
blocks.game.Block:
    public static final int m_sBlockRealSize
blocks.game.BlockGrid:
    238:249:public void RandomizeGrid()
blocks.game.BlockGrid$MoveDirection
blocks.game.BlocksMatch:
    public static final int NumRows
    public static final int NumCols
blocks.game.BuildConfig
blocks.game.R
blocks.game.R$array
blocks.game.R$attr
blocks.game.R$color
blocks.game.R$drawable
blocks.game.R$id
blocks.game.R$integer
blocks.game.R$layout
blocks.game.R$string
blocks.game.R$style
blocks.game.R$styleable
...
com.badlogic.gdx.utils.PooledLinkedList$Item:
    public java.lang.Object payload
    public com.badlogic.gdx.utils.PooledLinkedList$Item next
    public com.badlogic.gdx.utils.PooledLinkedList$Item prev
com.badlogic.gdx.utils.Pools:
    51:52:public static void freeAll(com.badlogic.gdx.utils.Array)
    57:69:public static void freeAll(com.badlogic.gdx.utils.Array,boolean)
com.badlogic.gdx.utils.Predicate$PredicateIterable:
    93:95:public Predicate$PredicateIterable(java.lang.Iterable,com.badlogic.gdx.utils.Predicate)
    98:100:public void set(java.lang.Iterable,com.badlogic.gdx.utils.Predicate)
com.badlogic.gdx.utils.Predicate$PredicateIterator:
    38:39:public Predicate$PredicateIterator(java.lang.Iterable,com.badlogic.gdx.utils.Predicate)
    46:47:public void set(java.lang.Iterable,com.badlogic.gdx.utils.Predicate)
com.badlogic.gdx.utils.QuickSelect:
    private java.lang.Object[] array
    private java.util.Comparator comp
    30:32:public int select(java.lang.Object[],java.util.Comparator,int,int)
    36:46:private int partition(int,int,int)
    50:62:private int recursiveSelect(int,int,int)
    67:88:private int medianOfThreePivot(int,int)
    94:97:private void swap(int,int)
com.badlogic.gdx.utils.ReflectionPool:
    30:31:public ReflectionPool(java.lang.Class)
    34:35:public ReflectionPool(java.lang.Class,int)
com.badlogic.gdx.utils.ScreenUtils:
    40:42:public static com.badlogic.gdx.graphics.g2d.TextureRegion getFrameBufferTexture()
    56:66:public static com.badlogic.gdx.graphics.g2d.TextureRegion getFrameBufferTexture(int,int,int,int)
    70:76:public static com.badlogic.gdx.graphics.Pixmap getFrameBufferPixmap(int,int,int,int)
    86:88:public static byte[] getFrameBufferPixels(boolean)
    100:115:public static byte[] getFrameBufferPixels(int,int,int,int,boolean)
com.badlogic.gdx.utils.Select:
    private static com.badlogic.gdx.utils.Select instance
    private com.badlogic.gdx.utils.QuickSelect quickSelect
    39:40:public static com.badlogic.gdx.utils.Select instance()
    44:45:public java.lang.Object select(java.lang.Object[],java.util.Comparator,int,int)
    49:67:public int selectIndex(java.lang.Object[],java.util.Comparator,int,int)
    72:79:private int fastMin(java.lang.Object[],java.util.Comparator,int)
    84:91:private int fastMax(java.lang.Object[],java.util.Comparator,int)
com.badlogic.gdx.utils.SerializationException:
    42:42:public boolean causedBy(java.lang.Class)
    46:49:private boolean causedBy(java.lang.Throwable,java.lang.Class)
com.badlogic.gdx.utils.SharedLibraryLoader:
    71:73:public SharedLibraryLoader(java.lang.String)
    146:155:public java.io.File extractFile(java.lang.String,java.lang.String)
    162:184:private java.io.File getExtractedFile(java.lang.String,java.lang.String)
    189:207:private boolean canWrite(java.io.File)